<?xml version="1.0" encoding="UTF-8"?>
<testsuite name="Academy Choucair" tests="1" skipped="1" failures="0" errors="0" timestamp="2021-10-16T20:16:52" hostname="CARLOSLOPEZ" time="24.268">
  <properties/>
  <testcase name="Search for a automation course" classname="Academy Choucair" time="24.268">
    <skipped/>
  </testcase>
  <system-out><![CDATA[]]></system-out>
  <system-err><![CDATA[[Test worker] WARN net.thucydides.core.steps.BaseStepListener - stepStarted: net.thucydides.core.steps.ExecutedStepDescription@25aae48f
[Test worker] WARN net.thucydides.core.steps.BaseStepListener - stepStarted: net.thucydides.core.steps.ExecutedStepDescription@4b9b066b
[Test worker] WARN net.thucydides.core.steps.BaseStepListener - stepStarted: net.thucydides.core.steps.ExecutedStepDescription@56156d04
oct 16, 2021 3:16:53 PM org.openqa.selenium.remote.DesiredCapabilities chrome
INFORMACIÓN: Using `new ChromeOptions()` is preferred to `DesiredCapabilities.chrome()`
[Test worker] INFO net.serenitybdd.core.webdriver.driverproviders.ProvideNewDriver - Instantiating driver
[Test worker] INFO net.serenitybdd.core.webdriver.driverproviders.ProvideNewDriver - Driver capabilities: Capabilities {acceptInsecureCerts: false, browserName: chrome, chrome.switches: --start-maximized, goog:chromeOptions: {args: [--start-maximized], extensions: []}, loggingPrefs: org.openqa.selenium.logging..., platform: ANY, version: }
Starting ChromeDriver 94.0.4606.41 (333e85df3c9b656b518b5f1add5ff246365b6c24-refs/branch-heads/4606@{#845}) on port 39311
Only local connections are allowed.
Please see https://chromedriver.chromium.org/security-considerations for suggestions on keeping ChromeDriver safe.
ChromeDriver was started successfully.
oct 16, 2021 3:16:58 PM org.openqa.selenium.remote.ProtocolHandshake createSession
INFORMACIÓN: Detected dialect: W3C
[Test worker] WARN net.thucydides.core.steps.BaseStepListener - stepFinished: current outcome:Search for a automation course:Given than Carlos wants to learn automation at the academy Choucair
| strUser | strPass |
| 1097405899 | Choucair2021* | [Carlos open up [Carlos opens the Choucair academy page]]
[Test worker] WARN net.thucydides.core.steps.BaseStepListener - stepFinished: current outcome:Search for a automation course:Given than Carlos wants to learn automation at the academy Choucair
| strUser | strPass |
| 1097405899 | Choucair2021* | [Carlos open up [Carlos opens the Choucair academy page]]
[Test worker] WARN net.thucydides.core.steps.BaseStepListener - stepStarted: net.thucydides.core.steps.ExecutedStepDescription@6125ecbb
[Test worker] WARN net.thucydides.core.steps.BaseStepListener - stepStarted: net.thucydides.core.steps.ExecutedStepDescription@3816449b
[Test worker] WARN net.thucydides.core.steps.BaseStepListener - stepFinished: current outcome:Search for a automation course:Given than Carlos wants to learn automation at the academy Choucair
| strUser | strPass |
| 1097405899 | Choucair2021* | [Carlos open up [Carlos opens the Choucair academy page], Carlos login [Carlos clicks on Button that shows us the form to login]]
[Test worker] WARN net.thucydides.core.steps.BaseStepListener - stepStarted: net.thucydides.core.steps.ExecutedStepDescription@68f52699
[Test worker] WARN net.thucydides.core.steps.BaseStepListener - stepFinished: current outcome:Search for a automation course:Given than Carlos wants to learn automation at the academy Choucair
| strUser | strPass |
| 1097405899 | Choucair2021* | [Carlos open up [Carlos opens the Choucair academy page], Carlos login [Carlos clicks on Button that shows us the form to login, Carlos enters '1097405899' into Button that shows us the form to login]]
[Test worker] WARN net.thucydides.core.steps.BaseStepListener - stepStarted: net.thucydides.core.steps.ExecutedStepDescription@856def7
[Test worker] WARN net.thucydides.core.steps.BaseStepListener - stepFinished: current outcome:Search for a automation course:Given than Carlos wants to learn automation at the academy Choucair
| strUser | strPass |
| 1097405899 | Choucair2021* | [Carlos open up [Carlos opens the Choucair academy page], Carlos login [Carlos clicks on Button that shows us the form to login, Carlos enters '1097405899' into Button that shows us the form to login, Carlos enters 'Choucair2021*' into Button that shows us the form to login]]
[Test worker] WARN net.thucydides.core.steps.BaseStepListener - stepStarted: net.thucydides.core.steps.ExecutedStepDescription@2a31502b
[Test worker] WARN net.thucydides.core.steps.BaseStepListener - stepFinished: current outcome:Search for a automation course:Given than Carlos wants to learn automation at the academy Choucair
| strUser | strPass |
| 1097405899 | Choucair2021* | [Carlos open up [Carlos opens the Choucair academy page], Carlos login [Carlos clicks on Button that shows us the form to login, Carlos enters '1097405899' into Button that shows us the form to login, Carlos enters 'Choucair2021*' into Button that shows us the form to login, Carlos clicks on Button that shows us the form to login]]
[Test worker] WARN net.thucydides.core.steps.BaseStepListener - stepFinished: current outcome:Search for a automation course:Given than Carlos wants to learn automation at the academy Choucair
| strUser | strPass |
| 1097405899 | Choucair2021* | [Carlos open up [Carlos opens the Choucair academy page], Carlos login [Carlos clicks on Button that shows us the form to login, Carlos enters '1097405899' into Button that shows us the form to login, Carlos enters 'Choucair2021*' into Button that shows us the form to login, Carlos clicks on Button that shows us the form to login]]
[Test worker] WARN net.thucydides.core.steps.BaseStepListener - stepFinished: current outcome:Search for a automation course:Given than Carlos wants to learn automation at the academy Choucair
| strUser | strPass |
| 1097405899 | Choucair2021* | [Carlos open up [Carlos opens the Choucair academy page], Carlos login [Carlos clicks on Button that shows us the form to login, Carlos enters '1097405899' into Button that shows us the form to login, Carlos enters 'Choucair2021*' into Button that shows us the form to login, Carlos clicks on Button that shows us the form to login]]
[Test worker] WARN net.thucydides.core.steps.BaseStepListener - stepStarted: net.thucydides.core.steps.ExecutedStepDescription@6f73ffee
[Test worker] INFO net.thucydides.core.steps.ConsoleLoggingListener - TEST PENDING
[Test worker] WARN net.thucydides.core.steps.BaseStepListener - stepStarted: net.thucydides.core.steps.ExecutedStepDescription@164ee74d
[Test worker] WARN net.thucydides.core.steps.BaseStepListener - testFinished: Search for a automation course:Given than Carlos wants to learn automation at the academy Choucair
| strUser | strPass |
| 1097405899 | Choucair2021* | [Carlos open up [Carlos opens the Choucair academy page], Carlos login [Carlos clicks on Button that shows us the form to login, Carlos enters '1097405899' into Button that shows us the form to login, Carlos enters 'Choucair2021*' into Button that shows us the form to login, Carlos clicks on Button that shows us the form to login]], When he search for the course on the choucair academy platform
| strCourse |
| Foundation Level |, Then he finds the course called resources
| strCourse |
| Foundation Level |
[Test worker] WARN net.thucydides.core.steps.BaseStepListener - TestOutcomes: [Search for a automation course:Given than Carlos wants to learn automation at the academy Choucair
| strUser | strPass |
| 1097405899 | Choucair2021* | [Carlos open up [Carlos opens the Choucair academy page], Carlos login [Carlos clicks on Button that shows us the form to login, Carlos enters '1097405899' into Button that shows us the form to login, Carlos enters 'Choucair2021*' into Button that shows us the form to login, Carlos clicks on Button that shows us the form to login]], When he search for the course on the choucair academy platform
| strCourse |
| Foundation Level |, Then he finds the course called resources
| strCourse |
| Foundation Level |]
[Test worker] WARN net.thucydides.core.steps.BaseStepListener - Final testOutcomes: [Search for a automation course:Given than Carlos wants to learn automation at the academy Choucair
| strUser | strPass |
| 1097405899 | Choucair2021* | [Carlos open up [Carlos opens the Choucair academy page], Carlos login [Carlos clicks on Button that shows us the form to login, Carlos enters '1097405899' into Button that shows us the form to login, Carlos enters 'Choucair2021*' into Button that shows us the form to login, Carlos clicks on Button that shows us the form to login]], When he search for the course on the choucair academy platform
| strCourse |
| Foundation Level |, Then he finds the course called resources
| strCourse |
| Foundation Level |]
[Test worker] INFO net.thucydides.core.steps.ConsoleLoggingListener - 
          __  _____ _____ ____ _____   ____  _____ _   _ ____ ___ _   _  ____ 
 _       / / |_   _| ____/ ___|_   _| |  _ \| ____| \ | |  _ \_ _| \ | |/ ___|
(_)____ / /    | | |  _| \___ \ | |   | |_) |  _| |  \| | | | | ||  \| | |  _ 
 |_____/ /     | | | |___ ___) || |   |  __/| |___| |\  | |_| | || |\  | |_| |
(_)   /_/      |_| |_____|____/ |_|   |_|   |_____|_| \_|____/___|_| \_|\____|
                                                                                

TEST PENDING: Search for a automation course
---------------------------------------------------------------------------------
]]></system-err>
</testsuite>
